<?xml version="1.0" encoding="UTF-8"?>
<tumblr version="1.0">
	<conversations>
		<!-- Normal conversation, with back and forth, and different post types -->
		<conversation status="ACTIVE">
			<participants>
				<participant avatar_url="http://mainblog/avatar">blogname</participant>
				<participant avatar_url="http://participant1/avatar">participant1</participant>
			</participants>
			<messages>
				<message ts="1544197586" participant="t:ZlQLP95n_Bt3CRXhX-CTqQ" type="TEXT">Message 1</message>
				<message ts="1544197605" participant="t:ZlQLP95n_Bt3CRXhX-CTqQ" type="TEXT">Message 2</message>
				<message ts="1544197624" participant="t:ZlQLP95n_Bt3CRXhX-CTqQ" type="TEXT">Message 3</message>
				<message ts="1544197647" participant="t:ZlQLP95n_Bt3CRXhX-CTqQ" type="IMAGE">
					<photo-url max-width="0">http://www.photourl.com/photo.png</photo-url>
				</message>
				<message ts="1544198315" participant="t:ZlQLP95n_Bt3CRXhX-CTqQ" type="TEXT">Message 5</message>
				<message ts="1544221130" participant="t:eMUq2ec6xRwaki33S-DLig" type="TEXT">Message 6</message>
				<message ts="1544221197" participant="t:ZlQLP95n_Bt3CRXhX-CTqQ" type="TEXT">Message 7</message>
				<message ts="1544221203" participant="t:eMUq2ec6xRwaki33S-DLig" type="TEXT">Message 8</message>
				<message ts="1544221221" participant="t:ZlQLP95n_Bt3CRXhX-CTqQ" type="POSTREF">http://www.tumblr.com/somepost</message>
			</messages>
		</conversation>
		
		<!-- Normal conversation with back and forth, all text messages -->
		<conversation status="ACTIVE">
			<participants>
				<participant avatar_url="http://participant2/avatar">participant2-deact</participant>
				<participant avatar_url="http://mainblog/avatar">blogname</participant>
			</participants>
			<messages>
				<message ts="1544012468" participant="t:daPIjnWif90ATTPO_iqMVA" type="TEXT">Message 1</message>
				<message ts="1544016206" participant="t:ZlQLP95n_Bt3CRXhX-CTqQ" type="TEXT">Message 2</message>
				<message ts="1544016402" participant="t:daPIjnWif90ATTPO_iqMVA" type="TEXT">Message 3</message>
				<message ts="1544016410" participant="t:daPIjnWif90ATTPO_iqMVA" type="TEXT">Message 4</message>
				<message ts="1544016579" participant="t:daPIjnWif90ATTPO_iqMVA" type="TEXT">Message 5</message>
				<message ts="1544016582" participant="t:daPIjnWif90ATTPO_iqMVA" type="TEXT">Message 6</message>
				<message ts="1544022051" participant="t:ZlQLP95n_Bt3CRXhX-CTqQ" type="TEXT">Message 7</message>
				<message ts="1544115936" participant="t:daPIjnWif90ATTPO_iqMVA" type="TEXT">Message 8</message>
				<message ts="1544126671" participant="t:ZlQLP95n_Bt3CRXhX-CTqQ" type="TEXT">Message 9</message>
			</messages>
		</conversation>
		
		<!-- message from a deactivated participant (simple style deactivation), 1 sent message -->
		<conversation status="ACTIVE">
			<participants>
				<participant avatar_url="http://participant3/avatar">participant3-deactivated</participant>
				<participant avatar_url="http://mainblog/avatar">blogname</participant>
			</participants>
			<messages>
				<message ts="1544012468" participant="t:ZlQLP95n_Bt3CRXhX-CTqQ" type="TEXT">Message 1</message>
			</messages>
		</conversation>
		
		<!-- deactivated participant (datestamp style deactivation), with one received message -->
		<conversation status="ACTIVE">
			<participants>
				<participant avatar_url="http://participant4/avatar">participant4-deactivated20190101</participant>
				<participant avatar_url="http://mainblog/avatar">blogname</participant>
			</participants>
			<messages>
				<message ts="1544012468" participant="OY3QnUHjX3lZs6orBDaI" type="TEXT">Message 1</message>
			</messages>
		</conversation>
		
		<!-- normal conversation, one received message, from a participant who WILL change their name -->
		<conversation status="ACTIVE">
			<participants>
				<participant avatar_url="http://participanton/avatar">participant-oldname</participant>
				<participant avatar_url="http://mainblog/avatar">blogname</participant>
			</participants>
			<messages>
				<message ts="1544012468" participant="foaiehoihafoei" type="TEXT">Message 1</message>
			</messages>
		</conversation>
		
		<!--  normal conversation -->
		<conversation status="ACTIVE">
			<participants>
				<participant avatar_url="http://goingtobedeac/avatar">goingtobedeactivated</participant>
				<participant avatar_url="http://mainblog/avatar">blogname</participant>
			</participants>
			<messages>
				<message ts="1544012470" participant="afoiehaifeh" type="TEXT">Message 1</message>
				<message ts="1544012485" participant="t:ZlQLP95n_Bt3CRXhX-CTqQ" type="TEXT">Message 2</message>
			</messages>
		</conversation>
	</conversations>
</tumblr>